<?xml version="1.0" encoding="UTF-8"?>
<testsuite xmlns:xsi="http://www.w3.org/2001/XMLSchema-instance" xsi:noNamespaceSchemaLocation="https://maven.apache.org/surefire/maven-surefire-plugin/xsd/surefire-test-report-3.0.xsd" version="3.0" name="org.chaoscoders.extensions.calculator.MainControllerTest" time="0.028" tests="1" errors="0" skipped="0" failures="0">
  <properties>
    <property name="java.specification.version" value="15"/>
    <property name="sun.cpu.isalist" value="amd64"/>
    <property name="sun.jnu.encoding" value="Cp1252"/>
    <property name="java.class.path" value="D:\Bibliotheken\Projects\Java\JFXJoinTools\JoinTools_NumberSystemConverter\target\test-classes;D:\Bibliotheken\Projects\Java\JFXJoinTools\JoinTools_NumberSystemConverter\target\classes;D:\Bibliotheken\Projects\Java\JFXJoinTools\JoinTools_Launcher\target\JoinTools_Launcher-1.0-SNAPSHOT.jar;C:\Users\justu\.m2\repository\org\openjfx\javafx-fxml\15\javafx-fxml-15.jar;C:\Users\justu\.m2\repository\org\openjfx\javafx-fxml\15\javafx-fxml-15-win.jar;C:\Users\justu\.m2\repository\org\openjfx\javafx-controls\15\javafx-controls-15.jar;C:\Users\justu\.m2\repository\org\openjfx\javafx-controls\15\javafx-controls-15-win.jar;C:\Users\justu\.m2\repository\org\openjfx\javafx-graphics\15\javafx-graphics-15.jar;C:\Users\justu\.m2\repository\org\openjfx\javafx-graphics\15\javafx-graphics-15-win.jar;C:\Users\justu\.m2\repository\org\openjfx\javafx-base\15\javafx-base-15.jar;C:\Users\justu\.m2\repository\org\openjfx\javafx-base\15\javafx-base-15-win.jar;C:\Users\justu\.m2\repository\org\junit\jupiter\junit-jupiter-engine\5.3.1\junit-jupiter-engine-5.3.1.jar;C:\Users\justu\.m2\repository\org\apiguardian\apiguardian-api\1.0.0\apiguardian-api-1.0.0.jar;C:\Users\justu\.m2\repository\org\junit\platform\junit-platform-engine\1.3.1\junit-platform-engine-1.3.1.jar;C:\Users\justu\.m2\repository\org\junit\platform\junit-platform-commons\1.3.1\junit-platform-commons-1.3.1.jar;C:\Users\justu\.m2\repository\org\opentest4j\opentest4j\1.1.1\opentest4j-1.1.1.jar;C:\Users\justu\.m2\repository\org\junit\jupiter\junit-jupiter-api\5.3.1\junit-jupiter-api-5.3.1.jar;C:\Users\justu\.m2\repository\org\junit\jupiter\junit-jupiter-params\5.3.1\junit-jupiter-params-5.3.1.jar;"/>
    <property name="java.vm.vendor" value="Oracle Corporation"/>
    <property name="sun.arch.data.model" value="64"/>
    <property name="user.variant" value=""/>
    <property name="java.vendor.url" value="https://java.oracle.com/"/>
    <property name="user.timezone" value="Europe/Berlin"/>
    <property name="os.name" value="Windows 10"/>
    <property name="java.vm.specification.version" value="15"/>
    <property name="sun.java.launcher" value="SUN_STANDARD"/>
    <property name="user.country" value="DE"/>
    <property name="sun.boot.library.path" value="C:\Users\justu\.jdks\jdk-15\bin"/>
    <property name="sun.java.command" value="C:\Users\justu\AppData\Local\Temp\surefire2186680428361700738\surefirebooter12299649266671795116.jar C:\Users\justu\AppData\Local\Temp\surefire2186680428361700738 2020-09-24T19-45-19_053-jvmRun1 surefire11293731005927136968tmp surefire_58591818069651428747tmp"/>
    <property name="jdk.debug" value="release"/>
    <property name="surefire.test.class.path" value="D:\Bibliotheken\Projects\Java\JFXJoinTools\JoinTools_NumberSystemConverter\target\test-classes;D:\Bibliotheken\Projects\Java\JFXJoinTools\JoinTools_NumberSystemConverter\target\classes;D:\Bibliotheken\Projects\Java\JFXJoinTools\JoinTools_Launcher\target\JoinTools_Launcher-1.0-SNAPSHOT.jar;C:\Users\justu\.m2\repository\org\openjfx\javafx-fxml\15\javafx-fxml-15.jar;C:\Users\justu\.m2\repository\org\openjfx\javafx-fxml\15\javafx-fxml-15-win.jar;C:\Users\justu\.m2\repository\org\openjfx\javafx-controls\15\javafx-controls-15.jar;C:\Users\justu\.m2\repository\org\openjfx\javafx-controls\15\javafx-controls-15-win.jar;C:\Users\justu\.m2\repository\org\openjfx\javafx-graphics\15\javafx-graphics-15.jar;C:\Users\justu\.m2\repository\org\openjfx\javafx-graphics\15\javafx-graphics-15-win.jar;C:\Users\justu\.m2\repository\org\openjfx\javafx-base\15\javafx-base-15.jar;C:\Users\justu\.m2\repository\org\openjfx\javafx-base\15\javafx-base-15-win.jar;C:\Users\justu\.m2\repository\org\junit\jupiter\junit-jupiter-engine\5.3.1\junit-jupiter-engine-5.3.1.jar;C:\Users\justu\.m2\repository\org\apiguardian\apiguardian-api\1.0.0\apiguardian-api-1.0.0.jar;C:\Users\justu\.m2\repository\org\junit\platform\junit-platform-engine\1.3.1\junit-platform-engine-1.3.1.jar;C:\Users\justu\.m2\repository\org\junit\platform\junit-platform-commons\1.3.1\junit-platform-commons-1.3.1.jar;C:\Users\justu\.m2\repository\org\opentest4j\opentest4j\1.1.1\opentest4j-1.1.1.jar;C:\Users\justu\.m2\repository\org\junit\jupiter\junit-jupiter-api\5.3.1\junit-jupiter-api-5.3.1.jar;C:\Users\justu\.m2\repository\org\junit\jupiter\junit-jupiter-params\5.3.1\junit-jupiter-params-5.3.1.jar;"/>
    <property name="sun.cpu.endian" value="little"/>
    <property name="user.home" value="C:\Users\justu"/>
    <property name="user.language" value="de"/>
    <property name="java.specification.vendor" value="Oracle Corporation"/>
    <property name="java.version.date" value="2020-09-15"/>
    <property name="java.home" value="C:\Users\justu\.jdks\jdk-15"/>
    <property name="file.separator" value="\"/>
    <property name="basedir" value="D:\Bibliotheken\Projects\Java\JFXJoinTools\JoinTools_NumberSystemConverter"/>
    <property name="java.vm.compressedOopsMode" value="Zero based"/>
    <property name="line.separator" value="&#10;"/>
    <property name="java.vm.specification.vendor" value="Oracle Corporation"/>
    <property name="java.specification.name" value="Java Platform API Specification"/>
    <property name="surefire.real.class.path" value="C:\Users\justu\AppData\Local\Temp\surefire2186680428361700738\surefirebooter12299649266671795116.jar"/>
    <property name="user.script" value=""/>
    <property name="sun.management.compiler" value="HotSpot 64-Bit Tiered Compilers"/>
    <property name="java.runtime.version" value="15+36-1562"/>
    <property name="user.name" value="justu"/>
    <property name="path.separator" value=";"/>
    <property name="os.version" value="10.0"/>
    <property name="java.runtime.name" value="OpenJDK Runtime Environment"/>
    <property name="file.encoding" value="Cp1252"/>
    <property name="java.vm.name" value="OpenJDK 64-Bit Server VM"/>
    <property name="localRepository" value="C:\Users\justu\.m2\repository"/>
    <property name="java.vendor.url.bug" value="https://bugreport.java.com/bugreport/"/>
    <property name="java.io.tmpdir" value="C:\Users\justu\AppData\Local\Temp\"/>
    <property name="idea.version" value="2020.2.2"/>
    <property name="java.version" value="15"/>
    <property name="user.dir" value="D:\Bibliotheken\Projects\Java\JFXJoinTools\JoinTools_NumberSystemConverter"/>
    <property name="os.arch" value="amd64"/>
    <property name="java.vm.specification.name" value="Java Virtual Machine Specification"/>
    <property name="sun.os.patch.level" value=""/>
    <property name="java.library.path" value="C:\Users\justu\.jdks\jdk-15\bin;C:\Windows\Sun\Java\bin;C:\Windows\system32;C:\Windows;C:\Windows\system32;C:\Windows;C:\Windows\System32\Wbem;C:\Windows\System32\WindowsPowerShell\v1.0\;C:\Windows\System32\OpenSSH\;C:\Program Files\NVIDIA Corporation\NVIDIA NvDLISR;C:\Program Files (x86)\NVIDIA Corporation\PhysX\Common;C:\Program Files\mingw-w64\x86_64-8.1.0-posix-seh-rt_v6-rev0\mingw64\bin;C:\Program Files\MiKTeX 2.9\miktex\bin\x64\;C:\Program Files (x86)\LyX 2.3\Perl\bin;C:\MinGW\bin;C:\MinGW\msys\1.0\bin;C:\Program Files\CMake\bin;C:\Program Files\Git\cmd;C:\Users\justu\AppData\Local\Microsoft\WindowsApps;C:\Users\justu\AppData\Local\Programs\Microsoft VS Code\bin;."/>
    <property name="java.vm.info" value="mixed mode, sharing"/>
    <property name="java.vendor" value="Oracle Corporation"/>
    <property name="java.vm.version" value="15+36-1562"/>
    <property name="sun.io.unicode.encoding" value="UnicodeLittle"/>
    <property name="java.class.version" value="59.0"/>
  </properties>
  <testcase name="getLabelText" classname="org.chaoscoders.extensions.calculator.MainControllerTest" time="0.019"/>
</testsuite>